C:\Users\Steve.Fenton.GERONIMO\Source\Repos\TypeSpec\TypeSpec\Scripts\TypeSpec\Keyword.js
C:\Users\Steve.Fenton.GERONIMO\Source\Repos\TypeSpec\TypeSpec\Scripts\TypeSpec\Keyword.js.map
C:\Users\Steve.Fenton.GERONIMO\Source\Repos\TypeSpec\TypeSpec\Scripts\TypeSpec\RegEx.js
C:\Users\Steve.Fenton.GERONIMO\Source\Repos\TypeSpec\TypeSpec\Scripts\TypeSpec\RegEx.js.map
C:\Users\Steve.Fenton.GERONIMO\Source\Repos\TypeSpec\TypeSpec\Scripts\TypeSpec\Steps.js
C:\Users\Steve.Fenton.GERONIMO\Source\Repos\TypeSpec\TypeSpec\Scripts\TypeSpec\Steps.js.map
C:\Users\Steve.Fenton.GERONIMO\Source\Repos\TypeSpec\TypeSpec\Scripts\TypeSpec\State.js
C:\Users\Steve.Fenton.GERONIMO\Source\Repos\TypeSpec\TypeSpec\Scripts\TypeSpec\State.js.map
C:\Users\Steve.Fenton.GERONIMO\Source\Repos\TypeSpec\TypeSpec\Scripts\TypeSpec\Parser.js
C:\Users\Steve.Fenton.GERONIMO\Source\Repos\TypeSpec\TypeSpec\Scripts\TypeSpec\Parser.js.map
C:\Users\Steve.Fenton.GERONIMO\Source\Repos\TypeSpec\TypeSpec\Scripts\TypeSpec\TypeSpec.js
C:\Users\Steve.Fenton.GERONIMO\Source\Repos\TypeSpec\TypeSpec\Scripts\TypeSpec\TypeSpec.js.map
C:\Users\Steve.Fenton.GERONIMO\Source\Repos\TypeSpec\TypeSpec\Scripts\Calculator.js
C:\Users\Steve.Fenton.GERONIMO\Source\Repos\TypeSpec\TypeSpec\Scripts\Calculator.js.map
C:\Users\Steve.Fenton.GERONIMO\Source\Repos\TypeSpec\TypeSpec\Scripts\CustomTestReporter.js
C:\Users\Steve.Fenton.GERONIMO\Source\Repos\TypeSpec\TypeSpec\Scripts\CustomTestReporter.js.map
C:\Users\Steve.Fenton.GERONIMO\Source\Repos\TypeSpec\TypeSpec\Scripts\CalculatorSteps.js
C:\Users\Steve.Fenton.GERONIMO\Source\Repos\TypeSpec\TypeSpec\Scripts\CalculatorSteps.js.map
C:\Users\Steve.Fenton.GERONIMO\Source\Repos\TypeSpec\TypeSpec\Scripts\ArgumentSteps.js
C:\Users\Steve.Fenton.GERONIMO\Source\Repos\TypeSpec\TypeSpec\Scripts\ArgumentSteps.js.map
C:\Users\Steve.Fenton.GERONIMO\Source\Repos\TypeSpec\TypeSpec\app.js
C:\Users\Steve.Fenton.GERONIMO\Source\Repos\TypeSpec\TypeSpec\app.js.map
C:\Users\Steve.Fenton.GERONIMO\Source\Repos\TypeSpec\TypeSpec\Scripts\TypeSpec\Keyword.js
C:\Users\Steve.Fenton.GERONIMO\Source\Repos\TypeSpec\TypeSpec\Scripts\TypeSpec\Keyword.js.map
C:\Users\Steve.Fenton.GERONIMO\Source\Repos\TypeSpec\TypeSpec\Scripts\TypeSpec\RegEx.js
C:\Users\Steve.Fenton.GERONIMO\Source\Repos\TypeSpec\TypeSpec\Scripts\TypeSpec\RegEx.js.map
C:\Users\Steve.Fenton.GERONIMO\Source\Repos\TypeSpec\TypeSpec\Scripts\TypeSpec\Steps.js
C:\Users\Steve.Fenton.GERONIMO\Source\Repos\TypeSpec\TypeSpec\Scripts\TypeSpec\Steps.js.map
C:\Users\Steve.Fenton.GERONIMO\Source\Repos\TypeSpec\TypeSpec\Scripts\TypeSpec\State.js
C:\Users\Steve.Fenton.GERONIMO\Source\Repos\TypeSpec\TypeSpec\Scripts\TypeSpec\State.js.map
C:\Users\Steve.Fenton.GERONIMO\Source\Repos\TypeSpec\TypeSpec\Scripts\TypeSpec\Parser.js
C:\Users\Steve.Fenton.GERONIMO\Source\Repos\TypeSpec\TypeSpec\Scripts\TypeSpec\Parser.js.map
C:\Users\Steve.Fenton.GERONIMO\Source\Repos\TypeSpec\TypeSpec\Scripts\TypeSpec\TypeSpec.js
C:\Users\Steve.Fenton.GERONIMO\Source\Repos\TypeSpec\TypeSpec\Scripts\TypeSpec\TypeSpec.js.map
C:\Users\Steve.Fenton.GERONIMO\Source\Repos\TypeSpec\TypeSpec\Scripts\Calculator.js
C:\Users\Steve.Fenton.GERONIMO\Source\Repos\TypeSpec\TypeSpec\Scripts\Calculator.js.map
C:\Users\Steve.Fenton.GERONIMO\Source\Repos\TypeSpec\TypeSpec\Scripts\CustomTestReporter.js
C:\Users\Steve.Fenton.GERONIMO\Source\Repos\TypeSpec\TypeSpec\Scripts\CustomTestReporter.js.map
C:\Users\Steve.Fenton.GERONIMO\Source\Repos\TypeSpec\TypeSpec\Scripts\CalculatorSteps.js
C:\Users\Steve.Fenton.GERONIMO\Source\Repos\TypeSpec\TypeSpec\Scripts\CalculatorSteps.js.map
C:\Users\Steve.Fenton.GERONIMO\Source\Repos\TypeSpec\TypeSpec\Scripts\ArgumentSteps.js
C:\Users\Steve.Fenton.GERONIMO\Source\Repos\TypeSpec\TypeSpec\Scripts\ArgumentSteps.js.map
C:\Users\Steve.Fenton.GERONIMO\Source\Repos\TypeSpec\TypeSpec\app.js
C:\Users\Steve.Fenton.GERONIMO\Source\Repos\TypeSpec\TypeSpec\app.js.map
C:\Users\Steve.Fenton.GERONIMO\Source\Repos\TypeSpec\TypeSpec\Scripts\TypeSpec\Keyword.js
C:\Users\Steve.Fenton.GERONIMO\Source\Repos\TypeSpec\TypeSpec\Scripts\TypeSpec\Keyword.js.map
C:\Users\Steve.Fenton.GERONIMO\Source\Repos\TypeSpec\TypeSpec\Scripts\TypeSpec\RegEx.js
C:\Users\Steve.Fenton.GERONIMO\Source\Repos\TypeSpec\TypeSpec\Scripts\TypeSpec\RegEx.js.map
C:\Users\Steve.Fenton.GERONIMO\Source\Repos\TypeSpec\TypeSpec\Scripts\TypeSpec\Steps.js
C:\Users\Steve.Fenton.GERONIMO\Source\Repos\TypeSpec\TypeSpec\Scripts\TypeSpec\Steps.js.map
C:\Users\Steve.Fenton.GERONIMO\Source\Repos\TypeSpec\TypeSpec\Scripts\TypeSpec\State.js
C:\Users\Steve.Fenton.GERONIMO\Source\Repos\TypeSpec\TypeSpec\Scripts\TypeSpec\State.js.map
C:\Users\Steve.Fenton.GERONIMO\Source\Repos\TypeSpec\TypeSpec\Scripts\TypeSpec\Parser.js
C:\Users\Steve.Fenton.GERONIMO\Source\Repos\TypeSpec\TypeSpec\Scripts\TypeSpec\Parser.js.map
C:\Users\Steve.Fenton.GERONIMO\Source\Repos\TypeSpec\TypeSpec\Scripts\TypeSpec\TypeSpec.js
C:\Users\Steve.Fenton.GERONIMO\Source\Repos\TypeSpec\TypeSpec\Scripts\TypeSpec\TypeSpec.js.map
C:\Users\Steve.Fenton.GERONIMO\Source\Repos\TypeSpec\TypeSpec\Scripts\Calculator.js
C:\Users\Steve.Fenton.GERONIMO\Source\Repos\TypeSpec\TypeSpec\Scripts\Calculator.js.map
C:\Users\Steve.Fenton.GERONIMO\Source\Repos\TypeSpec\TypeSpec\Scripts\CustomTestReporter.js
C:\Users\Steve.Fenton.GERONIMO\Source\Repos\TypeSpec\TypeSpec\Scripts\CustomTestReporter.js.map
C:\Users\Steve.Fenton.GERONIMO\Source\Repos\TypeSpec\TypeSpec\Scripts\CalculatorSteps.js
C:\Users\Steve.Fenton.GERONIMO\Source\Repos\TypeSpec\TypeSpec\Scripts\CalculatorSteps.js.map
C:\Users\Steve.Fenton.GERONIMO\Source\Repos\TypeSpec\TypeSpec\Scripts\ArgumentSteps.js
C:\Users\Steve.Fenton.GERONIMO\Source\Repos\TypeSpec\TypeSpec\Scripts\ArgumentSteps.js.map
C:\Users\Steve.Fenton.GERONIMO\Source\Repos\TypeSpec\TypeSpec\app.js
C:\Users\Steve.Fenton.GERONIMO\Source\Repos\TypeSpec\TypeSpec\app.js.map
C:\Users\Steve.Fenton.GERONIMO\Source\Repos\TypeSpec\TypeSpec\Scripts\TypeSpec\Keyword.js
C:\Users\Steve.Fenton.GERONIMO\Source\Repos\TypeSpec\TypeSpec\Scripts\TypeSpec\Keyword.js.map
C:\Users\Steve.Fenton.GERONIMO\Source\Repos\TypeSpec\TypeSpec\Scripts\TypeSpec\RegEx.js
C:\Users\Steve.Fenton.GERONIMO\Source\Repos\TypeSpec\TypeSpec\Scripts\TypeSpec\RegEx.js.map
C:\Users\Steve.Fenton.GERONIMO\Source\Repos\TypeSpec\TypeSpec\Scripts\TypeSpec\Steps.js
C:\Users\Steve.Fenton.GERONIMO\Source\Repos\TypeSpec\TypeSpec\Scripts\TypeSpec\Steps.js.map
C:\Users\Steve.Fenton.GERONIMO\Source\Repos\TypeSpec\TypeSpec\Scripts\TypeSpec\State.js
C:\Users\Steve.Fenton.GERONIMO\Source\Repos\TypeSpec\TypeSpec\Scripts\TypeSpec\State.js.map
C:\Users\Steve.Fenton.GERONIMO\Source\Repos\TypeSpec\TypeSpec\Scripts\TypeSpec\Parser.js
C:\Users\Steve.Fenton.GERONIMO\Source\Repos\TypeSpec\TypeSpec\Scripts\TypeSpec\Parser.js.map
C:\Users\Steve.Fenton.GERONIMO\Source\Repos\TypeSpec\TypeSpec\Scripts\TypeSpec\TypeSpec.js
C:\Users\Steve.Fenton.GERONIMO\Source\Repos\TypeSpec\TypeSpec\Scripts\TypeSpec\TypeSpec.js.map
C:\Users\Steve.Fenton.GERONIMO\Source\Repos\TypeSpec\TypeSpec\Scripts\Calculator.js
C:\Users\Steve.Fenton.GERONIMO\Source\Repos\TypeSpec\TypeSpec\Scripts\Calculator.js.map
C:\Users\Steve.Fenton.GERONIMO\Source\Repos\TypeSpec\TypeSpec\Scripts\CustomTestReporter.js
C:\Users\Steve.Fenton.GERONIMO\Source\Repos\TypeSpec\TypeSpec\Scripts\CustomTestReporter.js.map
C:\Users\Steve.Fenton.GERONIMO\Source\Repos\TypeSpec\TypeSpec\Scripts\CalculatorSteps.js
C:\Users\Steve.Fenton.GERONIMO\Source\Repos\TypeSpec\TypeSpec\Scripts\CalculatorSteps.js.map
C:\Users\Steve.Fenton.GERONIMO\Source\Repos\TypeSpec\TypeSpec\Scripts\ArgumentSteps.js
C:\Users\Steve.Fenton.GERONIMO\Source\Repos\TypeSpec\TypeSpec\Scripts\ArgumentSteps.js.map
C:\Users\Steve.Fenton.GERONIMO\Source\Repos\TypeSpec\TypeSpec\app.js
C:\Users\Steve.Fenton.GERONIMO\Source\Repos\TypeSpec\TypeSpec\app.js.map
C:\Users\Steve.Fenton.GERONIMO\Source\Repos\TypeSpec\TypeSpec\Scripts\TypeSpec\Keyword.js
C:\Users\Steve.Fenton.GERONIMO\Source\Repos\TypeSpec\TypeSpec\Scripts\TypeSpec\Keyword.js.map
C:\Users\Steve.Fenton.GERONIMO\Source\Repos\TypeSpec\TypeSpec\Scripts\TypeSpec\RegEx.js
C:\Users\Steve.Fenton.GERONIMO\Source\Repos\TypeSpec\TypeSpec\Scripts\TypeSpec\RegEx.js.map
C:\Users\Steve.Fenton.GERONIMO\Source\Repos\TypeSpec\TypeSpec\Scripts\TypeSpec\Steps.js
C:\Users\Steve.Fenton.GERONIMO\Source\Repos\TypeSpec\TypeSpec\Scripts\TypeSpec\Steps.js.map
C:\Users\Steve.Fenton.GERONIMO\Source\Repos\TypeSpec\TypeSpec\Scripts\TypeSpec\State.js
C:\Users\Steve.Fenton.GERONIMO\Source\Repos\TypeSpec\TypeSpec\Scripts\TypeSpec\State.js.map
C:\Users\Steve.Fenton.GERONIMO\Source\Repos\TypeSpec\TypeSpec\Scripts\TypeSpec\Parser.js
C:\Users\Steve.Fenton.GERONIMO\Source\Repos\TypeSpec\TypeSpec\Scripts\TypeSpec\Parser.js.map
C:\Users\Steve.Fenton.GERONIMO\Source\Repos\TypeSpec\TypeSpec\Scripts\TypeSpec\TypeSpec.js
C:\Users\Steve.Fenton.GERONIMO\Source\Repos\TypeSpec\TypeSpec\Scripts\TypeSpec\TypeSpec.js.map
C:\Users\Steve.Fenton.GERONIMO\Source\Repos\TypeSpec\TypeSpec\Scripts\Calculator.js
C:\Users\Steve.Fenton.GERONIMO\Source\Repos\TypeSpec\TypeSpec\Scripts\Calculator.js.map
C:\Users\Steve.Fenton.GERONIMO\Source\Repos\TypeSpec\TypeSpec\Scripts\CustomTestReporter.js
C:\Users\Steve.Fenton.GERONIMO\Source\Repos\TypeSpec\TypeSpec\Scripts\CustomTestReporter.js.map
C:\Users\Steve.Fenton.GERONIMO\Source\Repos\TypeSpec\TypeSpec\Scripts\CalculatorSteps.js
C:\Users\Steve.Fenton.GERONIMO\Source\Repos\TypeSpec\TypeSpec\Scripts\CalculatorSteps.js.map
C:\Users\Steve.Fenton.GERONIMO\Source\Repos\TypeSpec\TypeSpec\Scripts\ArgumentSteps.js
C:\Users\Steve.Fenton.GERONIMO\Source\Repos\TypeSpec\TypeSpec\Scripts\ArgumentSteps.js.map
C:\Users\Steve.Fenton.GERONIMO\Source\Repos\TypeSpec\TypeSpec\app.js
C:\Users\Steve.Fenton.GERONIMO\Source\Repos\TypeSpec\TypeSpec\app.js.map
C:\Users\Steve.Fenton.GERONIMO\Source\Repos\TypeSpec\TypeSpec\Scripts\TypeSpec\Keyword.js
C:\Users\Steve.Fenton.GERONIMO\Source\Repos\TypeSpec\TypeSpec\Scripts\TypeSpec\Keyword.js.map
C:\Users\Steve.Fenton.GERONIMO\Source\Repos\TypeSpec\TypeSpec\Scripts\TypeSpec\RegEx.js
C:\Users\Steve.Fenton.GERONIMO\Source\Repos\TypeSpec\TypeSpec\Scripts\TypeSpec\RegEx.js.map
C:\Users\Steve.Fenton.GERONIMO\Source\Repos\TypeSpec\TypeSpec\Scripts\TypeSpec\Steps.js
C:\Users\Steve.Fenton.GERONIMO\Source\Repos\TypeSpec\TypeSpec\Scripts\TypeSpec\Steps.js.map
C:\Users\Steve.Fenton.GERONIMO\Source\Repos\TypeSpec\TypeSpec\Scripts\TypeSpec\State.js
C:\Users\Steve.Fenton.GERONIMO\Source\Repos\TypeSpec\TypeSpec\Scripts\TypeSpec\State.js.map
C:\Users\Steve.Fenton.GERONIMO\Source\Repos\TypeSpec\TypeSpec\Scripts\TypeSpec\Parser.js
C:\Users\Steve.Fenton.GERONIMO\Source\Repos\TypeSpec\TypeSpec\Scripts\TypeSpec\Parser.js.map
C:\Users\Steve.Fenton.GERONIMO\Source\Repos\TypeSpec\TypeSpec\Scripts\TypeSpec\TypeSpec.js
C:\Users\Steve.Fenton.GERONIMO\Source\Repos\TypeSpec\TypeSpec\Scripts\TypeSpec\TypeSpec.js.map
C:\Users\Steve.Fenton.GERONIMO\Source\Repos\TypeSpec\TypeSpec\Scripts\Calculator.js
C:\Users\Steve.Fenton.GERONIMO\Source\Repos\TypeSpec\TypeSpec\Scripts\Calculator.js.map
C:\Users\Steve.Fenton.GERONIMO\Source\Repos\TypeSpec\TypeSpec\Scripts\CustomTestReporter.js
C:\Users\Steve.Fenton.GERONIMO\Source\Repos\TypeSpec\TypeSpec\Scripts\CustomTestReporter.js.map
C:\Users\Steve.Fenton.GERONIMO\Source\Repos\TypeSpec\TypeSpec\Scripts\CalculatorSteps.js
C:\Users\Steve.Fenton.GERONIMO\Source\Repos\TypeSpec\TypeSpec\Scripts\CalculatorSteps.js.map
C:\Users\Steve.Fenton.GERONIMO\Source\Repos\TypeSpec\TypeSpec\Scripts\ArgumentSteps.js
C:\Users\Steve.Fenton.GERONIMO\Source\Repos\TypeSpec\TypeSpec\Scripts\ArgumentSteps.js.map
C:\Users\Steve.Fenton.GERONIMO\Source\Repos\TypeSpec\TypeSpec\app.js
C:\Users\Steve.Fenton.GERONIMO\Source\Repos\TypeSpec\TypeSpec\app.js.map
